<?xml version="1.0" encoding="UTF-8"?>
<!-- Generated by org.testng.reporters.JUnitReportReporter -->
<testsuite skipped="0" hostname="LAPTOP-JNNG69SH" name="com.qa.rest.Get" tests="1" failures="0" timestamp="09 Jun 2018 14:04:48 GMT" time="2.058" errors="0">
  <testcase name="Test1" time="2.058" classname="com.qa.rest.Get"/>
</testsuite> <!-- com.qa.rest.Get -->
