<?xml version="1.0" encoding="UTF-8"?>
<!-- Generated by org.testng.reporters.JUnitReportReporter -->
<testsuite skipped="0" hostname="LAPTOP-JNNG69SH" name="com.qa.rest.Post_Delete_PutExample" tests="1" failures="0" timestamp="09 Jun 2018 13:26:33 GMT" time="2.525" errors="0">
  <testcase name="Test1" time="2.525" classname="com.qa.rest.Post_Delete_PutExample"/>
</testsuite> <!-- com.qa.rest.Post_Delete_PutExample -->
