<?xml version="1.0" encoding="UTF-8"?>
<!-- Generated by org.testng.reporters.JUnitReportReporter -->
<testsuite skipped="0" hostname="LAPTOP-JNNG69SH" name="com.qa.rest.Delete" tests="1" failures="0" timestamp="09 Jun 2018 13:37:32 GMT" time="1.977" errors="0">
  <testcase name="Test1" time="1.977" classname="com.qa.rest.Delete"/>
</testsuite> <!-- com.qa.rest.Delete -->
