<?xml version="1.0" encoding="UTF-8"?>
<!-- Generated by org.testng.reporters.JUnitReportReporter -->
<testsuite skipped="0" hostname="LAPTOP-JNNG69SH" name="com.qa.rest.Put" tests="1" failures="0" timestamp="09 Jun 2018 13:57:00 GMT" time="2.056" errors="0">
  <testcase name="Test1" time="2.056" classname="com.qa.rest.Put"/>
</testsuite> <!-- com.qa.rest.Put -->
